
;; udp send [127.0.0.1]:5354

;; answer from [127.0.0.1] 89 bytes
;; HEADER SECTION
;;	id = 36240
;;	qr = 1	aa = 0	tc = 0	rd = 0	opcode = QUERY
;;	ra = 0	z  = 0	ad = 0	cd = 0	rcode  = NOERROR
;;	qdcount = 1	ancount = 1	nscount = 0	arcount = 1
;;	do = 0
;; EDNS version 0
;;	flags:	0000
;;	rcode:	NOERROR
;;	size:	512
;;	option: 65008	55532a20202020202a202020

;; QUESTION SECTION (1 record)
;; www.qq.com.	IN	A

;; ANSWER SECTION (1 record)
www.qq.com.	300	IN	CNAME	qq.com.edgesuite.net.

;; AUTHORITY SECTION (0 records)

;; ADDITIONAL SECTION (1 record)
;; EDNS version 0
;;	flags:	0000
;;	rcode:	NOERROR
;;	size:	512
;;	option: 65008	55532a20202020202a202020


;; Answer received from 127.0.0.1 (89 bytes)
;; HEADER SECTION
;;	id = 36240
;;	qr = 1	aa = 0	tc = 0	rd = 0	opcode = QUERY
;;	ra = 0	z  = 0	ad = 0	cd = 0	rcode  = NOERROR
;;	qdcount = 1	ancount = 1	nscount = 0	arcount = 1
;;	do = 0
;; EDNS version 0
;;	flags:	0000
;;	rcode:	NOERROR
;;	size:	512
;;	option: 65008	55532a20202020202a202020

;; QUESTION SECTION (1 record)
;; www.qq.com.	IN	A

;; ANSWER SECTION (1 record)
www.qq.com.	300	IN	CNAME	qq.com.edgesuite.net.

;; AUTHORITY SECTION (0 records)

;; ADDITIONAL SECTION (1 record)
;; EDNS version 0
;;	flags:	0000
;;	rcode:	NOERROR
;;	size:	512
;;	option: 65008	55532a20202020202a202020


